[debug] [2025-10-02T23:26:07.876Z] ----------------------------------------------------------------------
[debug] [2025-10-02T23:26:07.877Z] Command:       /Users/davidanderson/.nvm/versions/node/v20.19.2/bin/node /Users/davidanderson/.nvm/versions/node/v20.19.2/bin/firebase projects:list
[debug] [2025-10-02T23:26:07.878Z] CLI Version:   14.17.0
[debug] [2025-10-02T23:26:07.878Z] Platform:      darwin
[debug] [2025-10-02T23:26:07.878Z] Node Version:  v20.19.2
[debug] [2025-10-02T23:26:07.878Z] Time:          Thu Oct 02 2025 19:26:07 GMT-0400 (Eastern Daylight Time)
[debug] [2025-10-02T23:26:07.878Z] ----------------------------------------------------------------------
[debug] 
[debug] [2025-10-02T23:26:07.880Z] > command requires scopes: ["email","openid","https://www.googleapis.com/auth/cloudplatformprojects.readonly","https://www.googleapis.com/auth/firebase","https://www.googleapis.com/auth/cloud-platform"]
[debug] [2025-10-02T23:26:07.880Z] > authorizing via signed-in user (dvdndrsn@gmail.com)
[debug] [2025-10-02T23:26:07.881Z] Checked if tokens are valid: false, expires at: 1759443817015
[debug] [2025-10-02T23:26:07.882Z] Checked if tokens are valid: false, expires at: 1759443817015
[debug] [2025-10-02T23:26:07.882Z] > refreshing access token with scopes: []
[debug] [2025-10-02T23:26:07.883Z] >>> [apiv2][query] POST https://www.googleapis.com/oauth2/v3/token [none]
[debug] [2025-10-02T23:26:07.883Z] >>> [apiv2][body] POST https://www.googleapis.com/oauth2/v3/token [omitted]
[debug] [2025-10-02T23:26:07.905Z] *** [apiv2] error from fetch(https://www.googleapis.com/oauth2/v3/token, {"headers":{},"method":"POST","body":{"_overheadLength":545,"_valueLength":212,"_valuesToMeasure":[],"writable":false,"readable":true,"dataSize":0,"maxDataSize":2097152,"pauseStreams":true,"_released":true,"_streams":[],"_currentStream":null,"_insideLoop":false,"_pendingNext":false,"_boundary":"--------------------------72d9a673622d0018b6c58715","_events":{},"_eventsCount":1}}): FetchError: request to https://www.googleapis.com/oauth2/v3/token failed, reason: getaddrinfo ENOTFOUND www.googleapis.com
[error] Authentication Error: Your credentials are no longer valid. Please run firebase login --reauth

For CI servers and headless environments, generate a new token with firebase login:ci
[debug] [2025-10-02T23:26:07.905Z] Authentication Error: Your credentials are no longer valid. Please run firebase login --reauth

For CI servers and headless environments, generate a new token with firebase login:ci
[debug] [2025-10-02T23:26:07.908Z] FirebaseError: Authentication Error: Your credentials are no longer valid. Please run firebase login --reauth

For CI servers and headless environments, generate a new token with firebase login:ci
    at invalidCredentialError (/Users/davidanderson/.nvm/versions/node/v20.19.2/lib/node_modules/firebase-tools/lib/auth.js:167:12)
    at refreshTokens (/Users/davidanderson/.nvm/versions/node/v20.19.2/lib/node_modules/firebase-tools/lib/auth.js:591:15)
    at process.processTicksAndRejections (node:internal/process/task_queues:95:5)
    at async getAccessToken (/Users/davidanderson/.nvm/versions/node/v20.19.2/lib/node_modules/firebase-tools/lib/apiv2.js:42:18)
    at async Client.addAuthHeader (/Users/davidanderson/.nvm/versions/node/v20.19.2/lib/node_modules/firebase-tools/lib/apiv2.js:169:21)
    at async Client.request (/Users/davidanderson/.nvm/versions/node/v20.19.2/lib/node_modules/firebase-tools/lib/apiv2.js:120:34)
    at async getProjectPage (/Users/davidanderson/.nvm/versions/node/v20.19.2/lib/node_modules/firebase-tools/lib/management/projects.js:267:17)
    at async getFirebaseProjectPage (/Users/davidanderson/.nvm/versions/node/v20.19.2/lib/node_modules/firebase-tools/lib/management/projects.js:284:23)
    at async listFirebaseProjects (/Users/davidanderson/.nvm/versions/node/v20.19.2/lib/node_modules/firebase-tools/lib/management/projects.js:315:29)
    at async Command.actionFn (/Users/davidanderson/.nvm/versions/node/v20.19.2/lib/node_modules/firebase-tools/lib/commands/projects-list.js:51:20)
[error] 
[error] Error: Failed to list Firebase projects. See firebase-debug.log for more info.
[debug] [2025-10-02T23:26:08.185Z] Error: EPERM: operation not permitted, open '/Users/davidanderson/.config/configstore/firebase-tools.json.870866326'
    at Object.openSync (node:fs:574:18)
    at Function.writeFileSync [as sync] (/Users/davidanderson/.nvm/versions/node/v20.19.2/lib/node_modules/firebase-tools/node_modules/write-file-atomic/index.js:205:13)
    at set all [as all] (/Users/davidanderson/.nvm/versions/node/v20.19.2/lib/node_modules/firebase-tools/node_modules/configstore/index.js:61:20)
    at Configstore.delete (/Users/davidanderson/.nvm/versions/node/v20.19.2/lib/node_modules/firebase-tools/node_modules/configstore/index.js:101:12)
    at process.<anonymous> (/Users/davidanderson/.nvm/versions/node/v20.19.2/lib/node_modules/firebase-tools/lib/bin/cli.js:65:45)
    at process.emit (node:events:536:35)
    at process.exit (node:internal/process/per_thread:184:15)
    at Timeout._onTimeout (/Users/davidanderson/.nvm/versions/node/v20.19.2/lib/node_modules/firebase-tools/lib/errorOut.js:20:17)
    at listOnTimeout (node:internal/timers:581:17)
    at process.processTimers (node:internal/timers:519:7)
[error] 
[error] Error: An unexpected error has occurred.
